# JRE version: OpenJDK Runtime Environment (11.0.11+9) (build 11.0.11+9-b60-7590822)
# Java VM: OpenJDK 64-Bit Server VM (11.0.11+9-b60-7590822, mixed mode, tiered, compressed oops, g1 gc, windows-amd64)
Heap:
 garbage-first heap   total 724992K, used 183753K [0x0000000080000000, 0x0000000100000000)
  region size 1024K, 5 young (5120K), 5 survivors (5120K)
 Metaspace       used 105936K, capacity 108529K, committed 108988K, reserved 1142784K
  class space    used 13982K, capacity 14988K, committed 15168K, reserved 1048576K
GC Heap History (20 events):
Event: 12.007 GC heap after
{Heap after GC invocations=20 (full 0):
 garbage-first heap   total 251904K, used 129138K [0x0000000080000000, 0x0000000100000000)
  region size 1024K, 8 young (8192K), 8 survivors (8192K)
 Metaspace       used 99482K, capacity 101761K, committed 103100K, reserved 1138688K
  class space    used 12982K, capacity 13854K, committed 14400K, reserved 1048576K
}
Event: 12.012 GC heap before
{Heap before GC invocations=20 (full 0):
 garbage-first heap   total 251904K, used 133234K [0x0000000080000000, 0x0000000100000000)
  region size 1024K, 12 young (12288K), 8 survivors (8192K)
 Metaspace       used 99483K, capacity 101761K, committed 103100K, reserved 1138688K
  class space    used 12982K, capacity 13854K, committed 14400K, reserved 1048576K
}
Event: 12.019 GC heap after
{Heap after GC invocations=21 (full 0):
 garbage-first heap   total 251904K, used 129485K [0x0000000080000000, 0x0000000100000000)
  region size 1024K, 2 young (2048K), 2 survivors (2048K)
 Metaspace       used 99483K, capacity 101761K, committed 103100K, reserved 1138688K
  class space    used 12982K, capacity 13854K, committed 14400K, reserved 1048576K
}
Event: 12.082 GC heap before
{Heap before GC invocations=21 (full 0):
 garbage-first heap   total 251904K, used 180685K [0x0000000080000000, 0x0000000100000000)
  region size 1024K, 52 young (53248K), 2 survivors (2048K)
 Metaspace       used 99994K, capacity 102275K, committed 103612K, reserved 1138688K
  class space    used 13043K, capacity 13919K, committed 14400K, reserved 1048576K
}
Event: 12.092 GC heap after
{Heap after GC invocations=22 (full 0):
 garbage-first heap   total 251904K, used 138870K [0x0000000080000000, 0x0000000100000000)
  region size 1024K, 7 young (7168K), 7 survivors (7168K)
 Metaspace       used 99994K, capacity 102275K, committed 103612K, reserved 1138688K
  class space    used 13043K, capacity 13919K, committed 14400K, reserved 1048576K
}
Event: 12.172 GC heap before
{Heap before GC invocations=22 (full 0):
 garbage-first heap   total 251904K, used 186998K [0x0000000080000000, 0x0000000100000000)
  region size 1024K, 54 young (55296K), 7 survivors (7168K)
 Metaspace       used 100675K, capacity 102953K, committed 104252K, reserved 1138688K
  class space    used 13117K, capacity 13994K, committed 14528K, reserved 1048576K
}
Event: 12.184 GC heap after
{Heap after GC invocations=23 (full 0):
 garbage-first heap   total 251904K, used 148055K [0x0000000080000000, 0x0000000100000000)
  region size 1024K, 7 young (7168K), 7 survivors (7168K)
 Metaspace       used 100675K, capacity 102953K, committed 104252K, reserved 1138688K
  class space    used 13117K, capacity 13994K, committed 14528K, reserved 1048576K
}
Event: 12.281 GC heap before
{Heap before GC invocations=24 (full 0):
 garbage-first heap   total 251904K, used 193111K [0x0000000080000000, 0x0000000100000000)
  region size 1024K, 51 young (52224K), 7 survivors (7168K)
 Metaspace       used 100822K, capacity 103103K, committed 104508K, reserved 1138688K
  class space    used 13126K, capacity 14002K, committed 14528K, reserved 1048576K
}
Event: 12.293 GC heap after
{Heap after GC invocations=25 (full 0):
 garbage-first heap   total 251904K, used 156821K [0x0000000080000000, 0x0000000100000000)
  region size 1024K, 7 young (7168K), 7 survivors (7168K)
 Metaspace       used 100822K, capacity 103103K, committed 104508K, reserved 1138688K
  class space    used 13126K, capacity 14002K, committed 14528K, reserved 1048576K
}
Event: 12.301 GC heap before
{Heap before GC invocations=25 (full 0):
 garbage-first heap   total 251904K, used 161941K [0x0000000080000000, 0x0000000100000000)
  region size 1024K, 12 young (12288K), 7 survivors (7168K)
 Metaspace       used 100848K, capacity 103142K, committed 104508K, reserved 1138688K
  class space    used 13134K, capacity 14016K, committed 14528K, reserved 1048576K
}
Event: 12.307 GC heap after
{Heap after GC invocations=26 (full 0):
 garbage-first heap   total 251904K, used 156527K [0x0000000080000000, 0x0000000100000000)
  region size 1024K, 2 young (2048K), 2 survivors (2048K)
 Metaspace       used 100848K, capacity 103142K, committed 104508K, reserved 1138688K
  class space    used 13134K, capacity 14016K, committed 14528K, reserved 1048576K
}
Event: 12.362 GC heap before
{Heap before GC invocations=26 (full 0):
 garbage-first heap   total 251904K, used 196463K [0x0000000080000000, 0x0000000100000000)
  region size 1024K, 42 young (43008K), 2 survivors (2048K)
 Metaspace       used 101419K, capacity 103727K, committed 105148K, reserved 1140736K
  class space    used 13260K, capacity 14146K, committed 14656K, reserved 1048576K
}
Event: 12.375 GC heap after
{Heap after GC invocations=27 (full 0):
 garbage-first heap   total 380928K, used 163840K [0x0000000080000000, 0x0000000100000000)
  region size 1024K, 6 young (6144K), 6 survivors (6144K)
 Metaspace       used 101419K, capacity 103727K, committed 105148K, reserved 1140736K
  class space    used 13260K, capacity 14146K, committed 14656K, reserved 1048576K
}
Event: 12.590 GC heap before
{Heap before GC invocations=27 (full 0):
 garbage-first heap   total 380928K, used 253952K [0x0000000080000000, 0x0000000100000000)
  region size 1024K, 94 young (96256K), 6 survivors (6144K)
 Metaspace       used 103285K, capacity 105748K, committed 106684K, reserved 1140736K
  class space    used 13579K, capacity 14538K, committed 14912K, reserved 1048576K
}
Event: 12.607 GC heap after
{Heap after GC invocations=28 (full 0):
 garbage-first heap   total 380928K, used 177622K [0x0000000080000000, 0x0000000100000000)
  region size 1024K, 12 young (12288K), 12 survivors (12288K)
 Metaspace       used 103285K, capacity 105748K, committed 106684K, reserved 1140736K
  class space    used 13579K, capacity 14538K, committed 14912K, reserved 1048576K
}
Event: 12.875 GC heap before
{Heap before GC invocations=29 (full 0):
 garbage-first heap   total 380928K, used 265686K [0x0000000080000000, 0x0000000100000000)
  region size 1024K, 99 young (101376K), 12 survivors (12288K)
 Metaspace       used 104878K, capacity 107405K, committed 108220K, reserved 1142784K
  class space    used 13885K, capacity 14894K, committed 15168K, reserved 1048576K
}
Event: 12.887 GC heap after
{Heap after GC invocations=30 (full 0):
 garbage-first heap   total 380928K, used 183084K [0x0000000080000000, 0x0000000100000000)
  region size 1024K, 11 young (11264K), 11 survivors (11264K)
 Metaspace       used 104878K, capacity 107405K, committed 108220K, reserved 1142784K
  class space    used 13885K, capacity 14894K, committed 15168K, reserved 1048576K
}
Event: 13.095 GC heap before
{Heap before GC invocations=30 (full 0):
 garbage-first heap   total 380928K, used 274220K [0x0000000080000000, 0x0000000100000000)
  region size 1024K, 101 young (103424K), 11 survivors (11264K)
 Metaspace       used 105341K, capacity 107961K, committed 108476K, reserved 1142784K
  class space    used 13942K, capacity 14968K, committed 15168K, reserved 1048576K
}
Event: 13.103 GC heap after
{Heap after GC invocations=31 (full 0):
 garbage-first heap   total 380928K, used 183517K [0x0000000080000000, 0x0000000100000000)
  region size 1024K, 5 young (5120K), 5 survivors (5120K)
 Metaspace       used 105341K, capacity 107961K, committed 108476K, reserved 1142784K
  class space    used 13942K, capacity 14968K, committed 15168K, reserved 1048576K
}
Event: 13.409 GC heap before
{Heap before GC invocations=32 (full 0):
 garbage-first heap   total 380928K, used 280797K [0x0000000080000000, 0x0000000100000000)
  region size 1024K, 101 young (103424K), 5 survivors (5120K)
 Metaspace       used 105936K, capacity 108529K, committed 108988K, reserved 1142784K
  class space    used 13982K, capacity 14988K, committed 15168K, reserved 1048576K
}

