# JRE version: OpenJDK Runtime Environment (11.0.11+9) (build 11.0.11+9-b60-7590822)
# Java VM: OpenJDK 64-Bit Server VM (11.0.11+9-b60-7590822, mixed mode, tiered, compressed oops, g1 gc, windows-amd64)
Heap:
 garbage-first heap   total 670720K, used 236296K [0x0000000080000000, 0x0000000100000000)
  region size 1024K, 13 young (13312K), 13 survivors (13312K)
 Metaspace       used 102585K, capacity 105332K, committed 106556K, reserved 1140736K
  class space    used 13523K, capacity 14575K, committed 15052K, reserved 1048576K
GC Heap History (20 events):
Event: 11.976 GC heap after
{Heap after GC invocations=25 (full 0):
 garbage-first heap   total 364544K, used 177630K [0x0000000080000000, 0x0000000100000000)
  region size 1024K, 2 young (2048K), 2 survivors (2048K)
 Metaspace       used 100490K, capacity 102854K, committed 104892K, reserved 1138688K
  class space    used 13257K, capacity 14196K, committed 14924K, reserved 1048576K
}
Event: 12.167 GC heap before
{Heap before GC invocations=26 (full 0):
 garbage-first heap   total 364544K, used 263646K [0x0000000080000000, 0x0000000100000000)
  region size 1024K, 87 young (89088K), 2 survivors (2048K)
 Metaspace       used 101117K, capacity 103578K, committed 105532K, reserved 1140736K
  class space    used 13341K, capacity 14332K, committed 15052K, reserved 1048576K
}
Event: 12.171 GC heap after
{Heap after GC invocations=27 (full 0):
 garbage-first heap   total 364544K, used 177773K [0x0000000080000000, 0x0000000100000000)
  region size 1024K, 3 young (3072K), 3 survivors (3072K)
 Metaspace       used 101117K, capacity 103578K, committed 105532K, reserved 1140736K
  class space    used 13341K, capacity 14332K, committed 15052K, reserved 1048576K
}
Event: 12.363 GC heap before
{Heap before GC invocations=27 (full 0):
 garbage-first heap   total 364544K, used 268909K [0x0000000080000000, 0x0000000100000000)
  region size 1024K, 93 young (95232K), 3 survivors (3072K)
 Metaspace       used 101914K, capacity 104472K, committed 106044K, reserved 1140736K
  class space    used 13433K, capacity 14460K, committed 15052K, reserved 1048576K
}
Event: 12.368 GC heap after
{Heap after GC invocations=28 (full 0):
 garbage-first heap   total 364544K, used 177567K [0x0000000080000000, 0x0000000100000000)
  region size 1024K, 2 young (2048K), 2 survivors (2048K)
 Metaspace       used 101914K, capacity 104472K, committed 106044K, reserved 1140736K
  class space    used 13433K, capacity 14460K, committed 15052K, reserved 1048576K
}
Event: 12.633 GC heap before
{Heap before GC invocations=29 (full 0):
 garbage-first heap   total 364544K, used 276895K [0x0000000080000000, 0x0000000100000000)
  region size 1024K, 99 young (101376K), 2 survivors (2048K)
 Metaspace       used 101955K, capacity 104527K, committed 106044K, reserved 1140736K
  class space    used 13434K, capacity 14457K, committed 15052K, reserved 1048576K
}
Event: 12.639 GC heap after
{Heap after GC invocations=30 (full 0):
 garbage-first heap   total 364544K, used 179542K [0x0000000080000000, 0x0000000100000000)
  region size 1024K, 4 young (4096K), 4 survivors (4096K)
 Metaspace       used 101955K, capacity 104527K, committed 106044K, reserved 1140736K
  class space    used 13434K, capacity 14457K, committed 15052K, reserved 1048576K
}
Event: 12.827 GC heap before
{Heap before GC invocations=30 (full 0):
 garbage-first heap   total 364544K, used 280918K [0x0000000080000000, 0x0000000100000000)
  region size 1024K, 104 young (106496K), 4 survivors (4096K)
 Metaspace       used 102004K, capacity 104579K, committed 106044K, reserved 1140736K
  class space    used 13443K, capacity 14473K, committed 15052K, reserved 1048576K
}
Event: 12.833 GC heap after
{Heap after GC invocations=31 (full 0):
 garbage-first heap   total 364544K, used 179678K [0x0000000080000000, 0x0000000100000000)
  region size 1024K, 4 young (4096K), 4 survivors (4096K)
 Metaspace       used 102004K, capacity 104579K, committed 106044K, reserved 1140736K
  class space    used 13443K, capacity 14473K, committed 15052K, reserved 1048576K
}
Event: 13.106 GC heap before
{Heap before GC invocations=32 (full 0):
 garbage-first heap   total 364544K, used 286173K [0x0000000080000000, 0x0000000100000000)
  region size 1024K, 110 young (112640K), 4 survivors (4096K)
 Metaspace       used 102066K, capacity 104644K, committed 106300K, reserved 1140736K
  class space    used 13445K, capacity 14473K, committed 15052K, reserved 1048576K
}
Event: 13.115 GC heap after
{Heap after GC invocations=33 (full 0):
 garbage-first heap   total 434176K, used 183486K [0x0000000080000000, 0x0000000100000000)
  region size 1024K, 8 young (8192K), 8 survivors (8192K)
 Metaspace       used 102066K, capacity 104644K, committed 106300K, reserved 1140736K
  class space    used 13445K, capacity 14473K, committed 15052K, reserved 1048576K
}
Event: 13.137 GC heap before
{Heap before GC invocations=33 (full 0):
 garbage-first heap   total 434176K, used 195774K [0x0000000080000000, 0x0000000100000000)
  region size 1024K, 21 young (21504K), 8 survivors (8192K)
 Metaspace       used 102128K, capacity 104708K, committed 106300K, reserved 1140736K
  class space    used 13447K, capacity 14473K, committed 15052K, reserved 1048576K
}
Event: 13.143 GC heap after
{Heap after GC invocations=34 (full 0):
 garbage-first heap   total 434176K, used 184429K [0x0000000080000000, 0x0000000100000000)
  region size 1024K, 3 young (3072K), 3 survivors (3072K)
 Metaspace       used 102128K, capacity 104708K, committed 106300K, reserved 1140736K
  class space    used 13447K, capacity 14473K, committed 15052K, reserved 1048576K
}
Event: 13.391 GC heap before
{Heap before GC invocations=34 (full 0):
 garbage-first heap   total 434176K, used 323693K [0x0000000080000000, 0x0000000100000000)
  region size 1024K, 140 young (143360K), 3 survivors (3072K)
 Metaspace       used 102392K, capacity 105038K, committed 106556K, reserved 1140736K
  class space    used 13486K, capacity 14519K, committed 15052K, reserved 1048576K
}
Event: 13.404 GC heap after
{Heap after GC invocations=35 (full 0):
 garbage-first heap   total 434176K, used 201382K [0x0000000080000000, 0x0000000100000000)
  region size 1024K, 18 young (18432K), 18 survivors (18432K)
 Metaspace       used 102392K, capacity 105038K, committed 106556K, reserved 1140736K
  class space    used 13486K, capacity 14519K, committed 15052K, reserved 1048576K
}
Event: 13.583 GC heap before
{Heap before GC invocations=35 (full 0):
 garbage-first heap   total 434176K, used 334502K [0x0000000080000000, 0x0000000100000000)
  region size 1024K, 147 young (150528K), 18 survivors (18432K)
 Metaspace       used 102619K, capacity 105352K, committed 106556K, reserved 1140736K
  class space    used 13540K, capacity 14606K, committed 15052K, reserved 1048576K
}
Event: 13.600 GC heap after
{Heap after GC invocations=36 (full 0):
 garbage-first heap   total 434176K, used 213415K [0x0000000080000000, 0x0000000100000000)
  region size 1024K, 16 young (16384K), 16 survivors (16384K)
 Metaspace       used 102619K, capacity 105352K, committed 106556K, reserved 1140736K
  class space    used 13540K, capacity 14606K, committed 15052K, reserved 1048576K
}
Event: 13.756 GC heap before
{Heap before GC invocations=36 (full 0):
 garbage-first heap   total 434176K, used 339367K [0x0000000080000000, 0x0000000100000000)
  region size 1024K, 140 young (143360K), 16 survivors (16384K)
 Metaspace       used 102622K, capacity 105352K, committed 106556K, reserved 1140736K
  class space    used 13540K, capacity 14606K, committed 15052K, reserved 1048576K
}
Event: 13.787 GC heap after
{Heap after GC invocations=37 (full 0):
 garbage-first heap   total 434176K, used 226161K [0x0000000080000000, 0x0000000100000000)
  region size 1024K, 16 young (16384K), 16 survivors (16384K)
 Metaspace       used 102622K, capacity 105352K, committed 106556K, reserved 1140736K
  class space    used 13540K, capacity 14606K, committed 15052K, reserved 1048576K
}
Event: 13.997 GC heap before
{Heap before GC invocations=37 (full 0):
 garbage-first heap   total 434176K, used 344945K [0x0000000080000000, 0x0000000100000000)
  region size 1024K, 133 young (136192K), 16 survivors (16384K)
 Metaspace       used 102585K, capacity 105332K, committed 106556K, reserved 1140736K
  class space    used 13523K, capacity 14575K, committed 15052K, reserved 1048576K
}

